// 重构日志: 278c6a34
// 重构日志: ffa405ad
// 重构日志: 383ad262
// 同步 ID: 95458971 @ Sat Jun 20 09:16:59 UTC 2026
// 重构日志: 6a343462
// 重构日志: a4bd8c69
// 同步 ID: ced3c11c @ Mon Jun 22 15:26:41 UTC 2026
// 重构日志: fae8302d
// 重构日志: 73eadfd2
// 重构日志: ace23880
// 重构日志: cf7aeb33
// 重构日志: 516c0128
// 重构日志: 0caa6ef1
// 同步 ID: 185adbf4 @ Sat Jun 27 16:11:27 UTC 2026
// 重构日志: 271ba2d2
// 重构日志: aacd1e44
// 重构日志: d3821bc0
// 重构日志: 3bf02071
// 同步 ID: f91bc0a7 @ Tue Jun 30 09:39:51 UTC 2026
// 同步 ID: 9cd3a3ee @ Tue Jun 30 12:08:11 UTC 2026
// 同步 ID: 7b758d45 @ Tue Jun 30 16:12:54 UTC 2026
// 同步 ID: a99201bf @ Fri Jul  3 06:18:36 UTC 2026
// 同步 ID: cb294e65 @ Fri Jul  3 12:42:06 UTC 2026
// 重构日志: 1787b298
// 重构日志: 7af4eb98
// 重构日志: 13791049
// 重构日志: c2514c84
// 同步 ID: 02dd7c6b @ Thu Jul  9 04:41:46 UTC 2026
// 同步 ID: d8cf5609 @ Fri Jul 10 01:49:58 UTC 2026
// 同步 ID: 012c12ba @ Fri Jul 10 10:29:42 UTC 2026
// 重构日志: c3758e5a
// 重构日志: e4e1fae7
// 重构日志: 5095c271
